<?xml version="1.0" encoding="UTF-8"?>
<!-- Generated by org.testng.reporters.JUnitReportReporter -->
<testsuite hostname="LAPTOP-1LGTTLAP" failures="0" tests="5" name="com.runner.TestRunner" time="150.416" errors="0" timestamp="2025-09-13T05:52:12 IST" skipped="0">
  <testcase classname="com.runner.TestRunner" name="runScenario" time="19.985"/>
  <testcase classname="com.runner.TestRunner" name="runScenario" time="6.150"/>
  <testcase classname="com.runner.TestRunner" name="runScenario" time="36.307"/>
  <testcase classname="com.runner.TestRunner" name="runScenario" time="74.254"/>
  <testcase classname="com.runner.TestRunner" name="runScenario" time="13.720"/>
</testsuite> <!-- com.runner.TestRunner -->
