<?xml version="1.0" encoding="UTF-8"?>
<!-- Generated by org.testng.reporters.JUnitReportReporter -->
<testsuite hostname="LAPTOP-1LGTTLAP" failures="0" tests="3" name="com.runner.TestRunner" time="13.878" errors="0" timestamp="2025-09-06T12:15:55 IST" skipped="0">
  <testcase classname="com.runner.TestRunner" name="runScenario" time="5.388"/>
  <testcase classname="com.runner.TestRunner" name="runScenario" time="4.097"/>
  <testcase classname="com.runner.TestRunner" name="runScenario" time="4.393"/>
</testsuite> <!-- com.runner.TestRunner -->
