<?xml version="1.0" encoding="UTF-8"?>
<!-- Generated by org.testng.reporters.JUnitReportReporter -->
<testsuite hostname="LAPTOP-1LGTTLAP" failures="0" tests="5" name="com.runner.TestRunner" time="242.345" errors="0" timestamp="2025-09-11T12:08:36 IST" skipped="0">
  <testcase classname="com.runner.TestRunner" name="runScenario" time="14.858"/>
  <testcase classname="com.runner.TestRunner" name="runScenario" time="6.972"/>
  <testcase classname="com.runner.TestRunner" name="runScenario" time="160.084"/>
  <testcase classname="com.runner.TestRunner" name="runScenario" time="40.224"/>
  <testcase classname="com.runner.TestRunner" name="runScenario" time="20.207"/>
</testsuite> <!-- com.runner.TestRunner -->
