<?xml version="1.0" encoding="UTF-8"?>
<!-- Generated by org.testng.reporters.JUnitReportReporter -->
<testsuite hostname="LAPTOP-1LGTTLAP" failures="0" tests="5" name="com.runner.TestRunner" time="177.254" errors="0" timestamp="2025-09-13T14:17:09 IST" skipped="0">
  <testcase classname="com.runner.TestRunner" name="runScenario" time="16.072"/>
  <testcase classname="com.runner.TestRunner" name="runScenario" time="52.632"/>
  <testcase classname="com.runner.TestRunner" name="runScenario" time="5.989"/>
  <testcase classname="com.runner.TestRunner" name="runScenario" time="81.708"/>
  <testcase classname="com.runner.TestRunner" name="runScenario" time="20.853"/>
</testsuite> <!-- com.runner.TestRunner -->
