<?xml version="1.0" encoding="UTF-8"?>
<!-- Generated by org.testng.reporters.JUnitReportReporter -->
<testsuite hostname="LAPTOP-1LGTTLAP" failures="0" tests="5" name="com.runner.TestRunner" time="171.542" errors="0" timestamp="2025-09-13T09:33:10 IST" skipped="0">
  <testcase classname="com.runner.TestRunner" name="runScenario" time="23.922"/>
  <testcase classname="com.runner.TestRunner" name="runScenario" time="16.228"/>
  <testcase classname="com.runner.TestRunner" name="runScenario" time="5.753"/>
  <testcase classname="com.runner.TestRunner" name="runScenario" time="75.803"/>
  <testcase classname="com.runner.TestRunner" name="runScenario" time="49.836"/>
</testsuite> <!-- com.runner.TestRunner -->
