<?xml version="1.0" encoding="UTF-8"?>
<!-- Generated by org.testng.reporters.JUnitReportReporter -->
<testsuite hostname="LAPTOP-1LGTTLAP" failures="1" tests="4" name="com.runner.TestRunner" time="157.507" errors="0" timestamp="2025-09-10T14:47:37 IST" skipped="0">
  <testcase classname="com.runner.TestRunner" name="runScenario" time="71.591">
    <failure message="expected [true] but found [false]" type="java.lang.AssertionError">
      <![CDATA[java.lang.AssertionError: expected [true] but found [false]
at org.testng.Assert.fail(Assert.java:111)
at org.testng.Assert.failNotEquals(Assert.java:1590)
at org.testng.Assert.assertTrue(Assert.java:57)
at org.testng.Assert.assertTrue(Assert.java:67)
at com.stepDefinition.Selectiondefinition.the_user_wants_to_apply_the_first_filter_recommended_filter_as(Selectiondefinition.java:33)
at âœ½.the user wants to apply the first filter recommended_filter as "Non-stop"(file:///C:/Users/preeta/Desktop/capgemini/Ixigo_Testing_Project/src/test/resources/Features/selection.feature:4)
]]>
    </failure>
  </testcase> <!-- runScenario -->
  <testcase classname="com.runner.TestRunner" name="runScenario" time="6.391"/>
  <testcase classname="com.runner.TestRunner" name="runScenario" time="48.213"/>
  <testcase classname="com.runner.TestRunner" name="runScenario" time="31.312"/>
</testsuite> <!-- com.runner.TestRunner -->
