<?xml version="1.0" encoding="UTF-8"?>
<!-- Generated by org.testng.reporters.JUnitReportReporter -->
<testsuite hostname="LAPTOP-1LGTTLAP" failures="0" tests="5" name="com.runner.TestRunner" time="188.699" errors="0" timestamp="2025-09-13T16:13:42 IST" skipped="0">
  <testcase classname="com.runner.TestRunner" name="runScenario" time="96.332"/>
  <testcase classname="com.runner.TestRunner" name="runScenario" time="5.729"/>
  <testcase classname="com.runner.TestRunner" name="runScenario" time="47.571"/>
  <testcase classname="com.runner.TestRunner" name="runScenario" time="14.972"/>
  <testcase classname="com.runner.TestRunner" name="runScenario" time="24.095"/>
</testsuite> <!-- com.runner.TestRunner -->
