<?xml version="1.0" encoding="UTF-8"?>
<!-- Generated by org.testng.reporters.JUnitReportReporter -->
<testsuite hostname="LAPTOP-1LGTTLAP" failures="0" tests="2" name="com.runner.TestRunner" time="57.346" errors="0" timestamp="2025-09-08T16:39:46 IST" skipped="0">
  <testcase classname="com.runner.TestRunner" name="runScenario" time="8.571"/>
  <testcase classname="com.runner.TestRunner" name="runScenario" time="48.775"/>
</testsuite> <!-- com.runner.TestRunner -->
